<component name="libraryTable">
  <library name="junit.jupiter" type="repository">
    <properties maven-id="org.junit.jupiter:junit-jupiter:5.5.2" />
    <CLASSES>
      <root url="jar://$PROJECT_DIR$/../../../java/03-supermarket---unit-tests-kramer-u-wizany/lib/junit-jupiter-5.5.2.jar!/" />
      <root url="jar://$PROJECT_DIR$/../../../java/03-supermarket---unit-tests-kramer-u-wizany/lib/junit-jupiter-api-5.5.2.jar!/" />
      <root url="jar://$PROJECT_DIR$/../../../java/03-supermarket---unit-tests-kramer-u-wizany/lib/apiguardian-api-1.1.0.jar!/" />
      <root url="jar://$PROJECT_DIR$/../../../java/03-supermarket---unit-tests-kramer-u-wizany/lib/opentest4j-1.2.0.jar!/" />
      <root url="jar://$PROJECT_DIR$/../../../java/03-supermarket---unit-tests-kramer-u-wizany/lib/junit-platform-commons-1.5.2.jar!/" />
      <root url="jar://$PROJECT_DIR$/../../../java/03-supermarket---unit-tests-kramer-u-wizany/lib/junit-jupiter-params-5.5.2.jar!/" />
      <root url="jar://$PROJECT_DIR$/../../../java/03-supermarket---unit-tests-kramer-u-wizany/lib/junit-jupiter-engine-5.5.2.jar!/" />
      <root url="jar://$PROJECT_DIR$/../../../java/03-supermarket---unit-tests-kramer-u-wizany/lib/junit-platform-engine-1.5.2.jar!/" />
    </CLASSES>
    <JAVADOC />
    <SOURCES />
  </library>
</component>